C:\USERS\JONASH\DESKTOP\CSE167x\HW2-WINDOWS\HW2-WINDOWS\HW2-WINDOWS\DEBUG\DISPLAY.OBJ
C:\USERS\JONASH\DESKTOP\CSE167x\HW2-WINDOWS\HW2-WINDOWS\HW2-WINDOWS\DEBUG\MAIN.OBJ
C:\USERS\JONASH\DESKTOP\CSE167x\HW2-WINDOWS\HW2-WINDOWS\HW2-WINDOWS\DEBUG\READFILE.OBJ
C:\USERS\JONASH\DESKTOP\CSE167x\HW2-WINDOWS\HW2-WINDOWS\HW2-WINDOWS\DEBUG\SHADERS.OBJ
C:\USERS\JONASH\DESKTOP\CSE167x\HW2-WINDOWS\HW2-WINDOWS\HW2-WINDOWS\DEBUG\GRADER.OBJ
C:\USERS\JONASH\DESKTOP\CSE167x\HW2-WINDOWS\HW2-WINDOWS\HW2-WINDOWS\DEBUG\VC110.PDB
C:\USERS\JONASH\DESKTOP\CSE167x\HW2-WINDOWS\HW2-WINDOWS\HW2-WINDOWS\DEBUG\TRANSFORM.OBJ
C:\USERS\JONASH\DESKTOP\CSE167x\HW2-WINDOWS\HW2-WINDOWS\DEBUG\HW2-WINDOWS.ILK
C:\USERS\JONASH\DESKTOP\CSE167x\HW2-WINDOWS\HW2-WINDOWS\DEBUG\HW2-WINDOWS.EXE
C:\USERS\JONASH\DESKTOP\CSE167x\HW2-WINDOWS\HW2-WINDOWS\DEBUG\HW2-WINDOWS.PDB
C:\Users\Jonash\Desktop\CSE167x\hw2-windows\hw2-windows\hw2-windows\Debug\display.obj
C:\Users\Jonash\Desktop\CSE167x\hw2-windows\hw2-windows\hw2-windows\Debug\grader.obj
C:\Users\Jonash\Desktop\CSE167x\hw2-windows\hw2-windows\hw2-windows\Debug\main.obj
C:\Users\Jonash\Desktop\CSE167x\hw2-windows\hw2-windows\hw2-windows\Debug\readfile.obj
C:\Users\Jonash\Desktop\CSE167x\hw2-windows\hw2-windows\hw2-windows\Debug\shaders.obj
C:\Users\Jonash\Desktop\CSE167x\hw2-windows\hw2-windows\hw2-windows\Debug\Transform.obj
C:\Users\Jonash\Desktop\CSE167x\hw2-windows\hw2-windows\hw2-windows\Debug\cl.command.1.tlog
C:\Users\Jonash\Desktop\CSE167x\hw2-windows\hw2-windows\hw2-windows\Debug\CL.read.1.tlog
C:\Users\Jonash\Desktop\CSE167x\hw2-windows\hw2-windows\hw2-windows\Debug\CL.write.1.tlog
C:\Users\Jonash\Desktop\CSE167x\hw2-windows\hw2-windows\hw2-windows\Debug\link-cvtres.read.1.tlog
C:\Users\Jonash\Desktop\CSE167x\hw2-windows\hw2-windows\hw2-windows\Debug\link-cvtres.write.1.tlog
C:\Users\Jonash\Desktop\CSE167x\hw2-windows\hw2-windows\hw2-windows\Debug\link-rc.read.1.tlog
C:\Users\Jonash\Desktop\CSE167x\hw2-windows\hw2-windows\hw2-windows\Debug\link-rc.write.1.tlog
C:\Users\Jonash\Desktop\CSE167x\hw2-windows\hw2-windows\hw2-windows\Debug\link.command.1.tlog
C:\Users\Jonash\Desktop\CSE167x\hw2-windows\hw2-windows\hw2-windows\Debug\link.read.1.tlog
C:\Users\Jonash\Desktop\CSE167x\hw2-windows\hw2-windows\hw2-windows\Debug\link.write.1.tlog
C:\Users\Jonash\Desktop\CSE167x\hw2-windows\hw2-windows\hw2-windows\Debug\vc110.idb
C:\Users\Jonash\Desktop\CSE167x\hw2-windows\hw2-windows\hw2-windows\Debug\vc110.pdb
C:\Users\Jonash\Desktop\CSE167x\hw2-windows\hw2-windows\Debug\hw2-windows.pdb
C:\Users\Jonash\Desktop\CSE167x\hw2-windows\hw2-windows\Debug\hw2-windows.exe
C:\Users\Jonash\Desktop\CSE167x\hw2-windows\hw2-windows\Debug\hw2-windows.ilk
